<?xml version="1.0" encoding="UTF-8"?>
<!-- Generated by org.testng.reporters.JUnitXMLReporter -->
<testsuite hostname="LEERA-REBELLO" name="Test" tests="33" failures="4" timestamp="7 Sep 2020 06:49:27 GMT" time="131.08" errors="0">
  <testcase name="newUserDetails" time="7.39" classname="adactinHotelApp.tests.NewUserToApplicationTest"/>
  <testcase name="newUserDetails" time="5.868" classname="adactinHotelApp.tests.NewUserToApplicationTest"/>
  <testcase name="newUserDetails" time="5.976" classname="adactinHotelApp.tests.NewUserToApplicationTest"/>
  <testcase name="newUserDetails" time="5.964" classname="adactinHotelApp.tests.NewUserToApplicationTest"/>
  <testcase name="newUserDetails" time="5.916" classname="adactinHotelApp.tests.NewUserToApplicationTest"/>
  <testcase name="newUserReset" time="5.817" classname="adactinHotelApp.tests.NewUserToApplicationTest"/>
  <testcase name="newUserReset" time="5.805" classname="adactinHotelApp.tests.NewUserToApplicationTest"/>
  <testcase name="newUserReset" time="5.857" classname="adactinHotelApp.tests.NewUserToApplicationTest"/>
  <testcase name="newUserReset" time="5.824" classname="adactinHotelApp.tests.NewUserToApplicationTest"/>
  <testcase name="newUserReset" time="5.838" classname="adactinHotelApp.tests.NewUserToApplicationTest"/>
  <testcase name="forgotPasswordCredentials" time="2.222" classname="adactinHotelApp.tests.LoginToApplicationTest"/>
  <testcase name="forgotPasswordCredentials" time="0.684" classname="adactinHotelApp.tests.LoginToApplicationTest"/>
  <testcase name="forgotPasswordCredentials" time="0.651" classname="adactinHotelApp.tests.LoginToApplicationTest"/>
  <testcase name="invalidLoginCredentials" time="0.333" classname="adactinHotelApp.tests.LoginToApplicationTest"/>
  <testcase name="invalidLoginCredentials" time="0.314" classname="adactinHotelApp.tests.LoginToApplicationTest"/>
  <testcase name="invalidLoginCredentials" time="0.318" classname="adactinHotelApp.tests.LoginToApplicationTest"/>
  <testcase name="navigationToRegistration" time="0.224" classname="adactinHotelApp.tests.LoginToApplicationTest"/>
  <testcase name="resetFunctionality" time="0.591" classname="adactinHotelApp.tests.LoginToApplicationTest"/>
  <testcase name="resetFunctionality" time="0.658" classname="adactinHotelApp.tests.LoginToApplicationTest"/>
  <testcase name="resetFunctionality" time="0.67" classname="adactinHotelApp.tests.LoginToApplicationTest"/>
  <testcase name="resetPasswordCredentials" time="0.653" classname="adactinHotelApp.tests.LoginToApplicationTest"/>
  <testcase name="resetPasswordCredentials" time="0.777" classname="adactinHotelApp.tests.LoginToApplicationTest"/>
  <testcase name="resetPasswordCredentials" time="0.848" classname="adactinHotelApp.tests.LoginToApplicationTest"/>
  <testcase name="validLoginCredentials" time="1.827" classname="adactinHotelApp.tests.SearchHotelToApplicationTest"/>
  <testcase name="searchHotelWithInValidData" time="10.638" classname="adactinHotelApp.tests.SearchHotelToApplicationTest">
    <failure type="org.openqa.selenium.NoSuchElementException" message="Cannot locate element with text: 
For documentation on this error, please visit: https://www.seleniumhq.org/exceptions/no_such_element.html
Build info: version: &amp;apos;3.141.59&amp;apos;, revision: &amp;apos;e82be7d358&amp;apos;, time: &amp;apos;2018-11-14T08:17:03&amp;apos;
System info: host: &amp;apos;LEERA-REBELLO&amp;apos;, ip: &amp;apos;192.168.20.21&amp;apos;, os.name: &amp;apos;Windows 10&amp;apos;, os.arch: &amp;apos;amd64&amp;apos;, os.version: &amp;apos;10.0&amp;apos;, java.version: &amp;apos;1.8.0_231&amp;apos;
Driver info: driver.version: unknown">
      <![CDATA[org.openqa.selenium.NoSuchElementException: Cannot locate element with text: 
For documentation on this error, please visit: https://www.seleniumhq.org/exceptions/no_such_element.html
Build info: version: '3.141.59', revision: 'e82be7d358', time: '2018-11-14T08:17:03'
System info: host: 'LEERA-REBELLO', ip: '192.168.20.21', os.name: 'Windows 10', os.arch: 'amd64', os.version: '10.0', java.version: '1.8.0_231'
Driver info: driver.version: unknown
	at org.openqa.selenium.support.ui.Select.selectByVisibleText(Select.java:147)
	at adactinHotelApp.pageObejcts.SearchHotelPage.getRoomType(SearchHotelPage.java:64)
	at adactinHotelApp.tests.SearchHotelToApplicationTest.searchHotelWithInValidData(SearchHotelToApplicationTest.java:66)
... Removed 24 stack frames]]>
    </failure>
  </testcase> <!-- searchHotelWithInValidData -->
  <testcase name="searchHotelWithInValidData" time="10.185" classname="adactinHotelApp.tests.SearchHotelToApplicationTest">
    <failure type="org.openqa.selenium.NoSuchElementException" message="Cannot locate element with text: 
For documentation on this error, please visit: https://www.seleniumhq.org/exceptions/no_such_element.html
Build info: version: &amp;apos;3.141.59&amp;apos;, revision: &amp;apos;e82be7d358&amp;apos;, time: &amp;apos;2018-11-14T08:17:03&amp;apos;
System info: host: &amp;apos;LEERA-REBELLO&amp;apos;, ip: &amp;apos;192.168.20.21&amp;apos;, os.name: &amp;apos;Windows 10&amp;apos;, os.arch: &amp;apos;amd64&amp;apos;, os.version: &amp;apos;10.0&amp;apos;, java.version: &amp;apos;1.8.0_231&amp;apos;
Driver info: driver.version: unknown">
      <![CDATA[org.openqa.selenium.NoSuchElementException: Cannot locate element with text: 
For documentation on this error, please visit: https://www.seleniumhq.org/exceptions/no_such_element.html
Build info: version: '3.141.59', revision: 'e82be7d358', time: '2018-11-14T08:17:03'
System info: host: 'LEERA-REBELLO', ip: '192.168.20.21', os.name: 'Windows 10', os.arch: 'amd64', os.version: '10.0', java.version: '1.8.0_231'
Driver info: driver.version: unknown
	at org.openqa.selenium.support.ui.Select.selectByVisibleText(Select.java:147)
	at adactinHotelApp.pageObejcts.SearchHotelPage.getLocation(SearchHotelPage.java:50)
	at adactinHotelApp.tests.SearchHotelToApplicationTest.searchHotelWithInValidData(SearchHotelToApplicationTest.java:64)
... Removed 24 stack frames]]>
    </failure>
  </testcase> <!-- searchHotelWithInValidData -->
  <testcase name="searchHotelWithInValidData" time="1.57" classname="adactinHotelApp.tests.SearchHotelToApplicationTest"/>
  <testcase name="searchHotelWithInValidData" time="1.472" classname="adactinHotelApp.tests.SearchHotelToApplicationTest"/>
  <testcase name="searchHotelWithInValidData" time="1.533" classname="adactinHotelApp.tests.SearchHotelToApplicationTest"/>
  <testcase name="searchHotelWithInValidData" time="1.37" classname="adactinHotelApp.tests.SearchHotelToApplicationTest"/>
  <testcase name="searchHotelWithValidData" time="1.634" classname="adactinHotelApp.tests.SearchHotelToApplicationTest"/>
  <testcase name="searchHotelWithValidData" time="10.091" classname="adactinHotelApp.tests.SearchHotelToApplicationTest">
    <failure type="org.openqa.selenium.NoSuchElementException" message="no such element: Unable to locate element: {&amp;quot;method&amp;quot;:&amp;quot;css selector&amp;quot;,&amp;quot;selector&amp;quot;:&amp;quot;#location&amp;quot;}
  (Session info: chrome=85.0.4183.83)
For documentation on this error, please visit: https://www.seleniumhq.org/exceptions/no_such_element.html
Build info: version: &amp;apos;3.141.59&amp;apos;, revision: &amp;apos;e82be7d358&amp;apos;, time: &amp;apos;2018-11-14T08:17:03&amp;apos;
System info: host: &amp;apos;LEERA-REBELLO&amp;apos;, ip: &amp;apos;192.168.20.21&amp;apos;, os.name: &amp;apos;Windows 10&amp;apos;, os.arch: &amp;apos;amd64&amp;apos;, os.version: &amp;apos;10.0&amp;apos;, java.version: &amp;apos;1.8.0_231&amp;apos;
Driver info: org.openqa.selenium.chrome.ChromeDriver
Capabilities {acceptInsecureCerts: false, browserName: chrome, browserVersion: 85.0.4183.83, chrome: {chromedriverVersion: 84.0.4147.30 (48b3e868b4cc0..., userDataDir: C:\Users\61404\AppData\Loca...}, goog:chromeOptions: {debuggerAddress: localhost:53328}, javascriptEnabled: true, networkConnectionEnabled: false, pageLoadStrategy: normal, platform: WINDOWS, platformName: WINDOWS, proxy: Proxy(), setWindowRect: true, strictFileInteractability: false, timeouts: {implicit: 0, pageLoad: 300000, script: 30000}, unhandledPromptBehavior: dismiss and notify, webauthn:virtualAuthenticators: true}
Session ID: 49777d8f0d043e4f0004faae86f0b5a1
*** Element info: {Using=id, value=location}">
      <![CDATA[org.openqa.selenium.NoSuchElementException: no such element: Unable to locate element: {"method":"css selector","selector":"#location"}
  (Session info: chrome=85.0.4183.83)
For documentation on this error, please visit: https://www.seleniumhq.org/exceptions/no_such_element.html
Build info: version: '3.141.59', revision: 'e82be7d358', time: '2018-11-14T08:17:03'
System info: host: 'LEERA-REBELLO', ip: '192.168.20.21', os.name: 'Windows 10', os.arch: 'amd64', os.version: '10.0', java.version: '1.8.0_231'
Driver info: org.openqa.selenium.chrome.ChromeDriver
Capabilities {acceptInsecureCerts: false, browserName: chrome, browserVersion: 85.0.4183.83, chrome: {chromedriverVersion: 84.0.4147.30 (48b3e868b4cc0..., userDataDir: C:\Users\61404\AppData\Loca...}, goog:chromeOptions: {debuggerAddress: localhost:53328}, javascriptEnabled: true, networkConnectionEnabled: false, pageLoadStrategy: normal, platform: WINDOWS, platformName: WINDOWS, proxy: Proxy(), setWindowRect: true, strictFileInteractability: false, timeouts: {implicit: 0, pageLoad: 300000, script: 30000}, unhandledPromptBehavior: dismiss and notify, webauthn:virtualAuthenticators: true}
Session ID: 49777d8f0d043e4f0004faae86f0b5a1
*** Element info: {Using=id, value=location}
	at org.openqa.selenium.remote.http.W3CHttpResponseCodec.createException(W3CHttpResponseCodec.java:187)
	at org.openqa.selenium.remote.http.W3CHttpResponseCodec.decode(W3CHttpResponseCodec.java:122)
	at org.openqa.selenium.remote.http.W3CHttpResponseCodec.decode(W3CHttpResponseCodec.java:49)
	at org.openqa.selenium.remote.HttpCommandExecutor.execute(HttpCommandExecutor.java:158)
	at org.openqa.selenium.remote.service.DriverCommandExecutor.execute(DriverCommandExecutor.java:83)
	at org.openqa.selenium.remote.RemoteWebDriver.execute(RemoteWebDriver.java:552)
	at org.openqa.selenium.remote.RemoteWebDriver.findElement(RemoteWebDriver.java:323)
	at org.openqa.selenium.remote.RemoteWebDriver.findElementById(RemoteWebDriver.java:372)
	at org.openqa.selenium.By$ById.findElement(By.java:188)
	at org.openqa.selenium.remote.RemoteWebDriver.findElement(RemoteWebDriver.java:315)
	at org.openqa.selenium.support.pagefactory.DefaultElementLocator.findElement(DefaultElementLocator.java:69)
	at org.openqa.selenium.support.pagefactory.internal.LocatingElementHandler.invoke(LocatingElementHandler.java:38)
	at com.sun.proxy.$Proxy10.click(Unknown Source)
	at adactinHotelApp.pageObejcts.SearchHotelPage.getLocation(SearchHotelPage.java:48)
	at adactinHotelApp.tests.SearchHotelToApplicationTest.searchHotelWithValidData(SearchHotelToApplicationTest.java:49)
... Removed 28 stack frames]]>
    </failure>
  </testcase> <!-- searchHotelWithValidData -->
  <testcase name="searchHotelWithValidData" time="10.081" classname="adactinHotelApp.tests.SearchHotelToApplicationTest">
    <failure type="org.openqa.selenium.NoSuchElementException" message="no such element: Unable to locate element: {&amp;quot;method&amp;quot;:&amp;quot;css selector&amp;quot;,&amp;quot;selector&amp;quot;:&amp;quot;#location&amp;quot;}
  (Session info: chrome=85.0.4183.83)
For documentation on this error, please visit: https://www.seleniumhq.org/exceptions/no_such_element.html
Build info: version: &amp;apos;3.141.59&amp;apos;, revision: &amp;apos;e82be7d358&amp;apos;, time: &amp;apos;2018-11-14T08:17:03&amp;apos;
System info: host: &amp;apos;LEERA-REBELLO&amp;apos;, ip: &amp;apos;192.168.20.21&amp;apos;, os.name: &amp;apos;Windows 10&amp;apos;, os.arch: &amp;apos;amd64&amp;apos;, os.version: &amp;apos;10.0&amp;apos;, java.version: &amp;apos;1.8.0_231&amp;apos;
Driver info: org.openqa.selenium.chrome.ChromeDriver
Capabilities {acceptInsecureCerts: false, browserName: chrome, browserVersion: 85.0.4183.83, chrome: {chromedriverVersion: 84.0.4147.30 (48b3e868b4cc0..., userDataDir: C:\Users\61404\AppData\Loca...}, goog:chromeOptions: {debuggerAddress: localhost:53328}, javascriptEnabled: true, networkConnectionEnabled: false, pageLoadStrategy: normal, platform: WINDOWS, platformName: WINDOWS, proxy: Proxy(), setWindowRect: true, strictFileInteractability: false, timeouts: {implicit: 0, pageLoad: 300000, script: 30000}, unhandledPromptBehavior: dismiss and notify, webauthn:virtualAuthenticators: true}
Session ID: 49777d8f0d043e4f0004faae86f0b5a1
*** Element info: {Using=id, value=location}">
      <![CDATA[org.openqa.selenium.NoSuchElementException: no such element: Unable to locate element: {"method":"css selector","selector":"#location"}
  (Session info: chrome=85.0.4183.83)
For documentation on this error, please visit: https://www.seleniumhq.org/exceptions/no_such_element.html
Build info: version: '3.141.59', revision: 'e82be7d358', time: '2018-11-14T08:17:03'
System info: host: 'LEERA-REBELLO', ip: '192.168.20.21', os.name: 'Windows 10', os.arch: 'amd64', os.version: '10.0', java.version: '1.8.0_231'
Driver info: org.openqa.selenium.chrome.ChromeDriver
Capabilities {acceptInsecureCerts: false, browserName: chrome, browserVersion: 85.0.4183.83, chrome: {chromedriverVersion: 84.0.4147.30 (48b3e868b4cc0..., userDataDir: C:\Users\61404\AppData\Loca...}, goog:chromeOptions: {debuggerAddress: localhost:53328}, javascriptEnabled: true, networkConnectionEnabled: false, pageLoadStrategy: normal, platform: WINDOWS, platformName: WINDOWS, proxy: Proxy(), setWindowRect: true, strictFileInteractability: false, timeouts: {implicit: 0, pageLoad: 300000, script: 30000}, unhandledPromptBehavior: dismiss and notify, webauthn:virtualAuthenticators: true}
Session ID: 49777d8f0d043e4f0004faae86f0b5a1
*** Element info: {Using=id, value=location}
	at org.openqa.selenium.remote.http.W3CHttpResponseCodec.createException(W3CHttpResponseCodec.java:187)
	at org.openqa.selenium.remote.http.W3CHttpResponseCodec.decode(W3CHttpResponseCodec.java:122)
	at org.openqa.selenium.remote.http.W3CHttpResponseCodec.decode(W3CHttpResponseCodec.java:49)
	at org.openqa.selenium.remote.HttpCommandExecutor.execute(HttpCommandExecutor.java:158)
	at org.openqa.selenium.remote.service.DriverCommandExecutor.execute(DriverCommandExecutor.java:83)
	at org.openqa.selenium.remote.RemoteWebDriver.execute(RemoteWebDriver.java:552)
	at org.openqa.selenium.remote.RemoteWebDriver.findElement(RemoteWebDriver.java:323)
	at org.openqa.selenium.remote.RemoteWebDriver.findElementById(RemoteWebDriver.java:372)
	at org.openqa.selenium.By$ById.findElement(By.java:188)
	at org.openqa.selenium.remote.RemoteWebDriver.findElement(RemoteWebDriver.java:315)
	at org.openqa.selenium.support.pagefactory.DefaultElementLocator.findElement(DefaultElementLocator.java:69)
	at org.openqa.selenium.support.pagefactory.internal.LocatingElementHandler.invoke(LocatingElementHandler.java:38)
	at com.sun.proxy.$Proxy10.click(Unknown Source)
	at adactinHotelApp.pageObejcts.SearchHotelPage.getLocation(SearchHotelPage.java:48)
	at adactinHotelApp.tests.SearchHotelToApplicationTest.searchHotelWithValidData(SearchHotelToApplicationTest.java:49)
... Removed 28 stack frames]]>
    </failure>
  </testcase> <!-- searchHotelWithValidData -->
</testsuite> <!-- Test -->
